<?xml version="1.0" encoding="UTF-8"?>
<coverage generated="1767965433073" clover="3.2.0">
  <project timestamp="1767965433073" name="All files">
    <metrics statements="134" coveredstatements="110" conditionals="72" coveredconditionals="58" methods="36" coveredmethods="29" elements="242" coveredelements="197" complexity="0" loc="134" ncloc="134" packages="6" files="6" classes="6"/>
    <package name="config">
      <metrics statements="1" coveredstatements="1" conditionals="0" coveredconditionals="0" methods="0" coveredmethods="0"/>
      <file name="saConfig.ts" path="C:\Users\User\Documents\APPS\VortexSphere\cash-property-analyzer\src\config\saConfig.ts">
        <metrics statements="1" coveredstatements="1" conditionals="0" coveredconditionals="0" methods="0" coveredmethods="0"/>
        <line num="2" count="9" type="stmt"/>
      </file>
    </package>
    <package name="core.adapters">
      <metrics statements="1" coveredstatements="1" conditionals="10" coveredconditionals="5" methods="1" coveredmethods="1"/>
      <file name="mapDealToRankingRow.ts" path="C:\Users\User\Documents\APPS\VortexSphere\cash-property-analyzer\src\core\adapters\mapDealToRankingRow.ts">
        <metrics statements="1" coveredstatements="1" conditionals="10" coveredconditionals="5" methods="1" coveredmethods="1"/>
        <line num="15" count="1" type="stmt"/>
      </file>
    </package>
    <package name="core.calculations">
      <metrics statements="26" coveredstatements="26" conditionals="10" coveredconditionals="10" methods="8" coveredmethods="8"/>
      <file name="index.ts" path="C:\Users\User\Documents\APPS\VortexSphere\cash-property-analyzer\src\core\calculations\index.ts">
        <metrics statements="26" coveredstatements="26" conditionals="10" coveredconditionals="10" methods="8" coveredmethods="8"/>
        <line num="16" count="9" type="stmt"/>
        <line num="17" count="27651" type="stmt"/>
        <line num="18" count="165906" type="cond" truecount="2" falsecount="0"/>
        <line num="21" count="27651" type="stmt"/>
        <line num="23" count="27651" type="stmt"/>
        <line num="30" count="9" type="stmt"/>
        <line num="31" count="27647" type="stmt"/>
        <line num="32" count="27647" type="stmt"/>
        <line num="39" count="9" type="stmt"/>
        <line num="40" count="4684" type="stmt"/>
        <line num="43" count="4684" type="cond" truecount="2" falsecount="0"/>
        <line num="44" count="49" type="stmt"/>
        <line num="47" count="4635" type="stmt"/>
        <line num="54" count="9" type="stmt"/>
        <line num="55" count="4684" type="stmt"/>
        <line num="57" count="4684" type="cond" truecount="2" falsecount="0"/>
        <line num="58" count="1173" type="stmt"/>
        <line num="61" count="3511" type="stmt"/>
        <line num="74" count="9" type="stmt"/>
        <line num="75" count="2" type="cond" truecount="2" falsecount="0"/>
        <line num="76" count="1" type="stmt"/>
        <line num="83" count="9" type="stmt"/>
        <line num="84" count="2" type="cond" truecount="2" falsecount="0"/>
        <line num="85" count="1" type="stmt"/>
        <line num="93" count="9" type="stmt"/>
        <line num="94" count="4681" type="stmt"/>
      </file>
    </package>
    <package name="core.scoring">
      <metrics statements="62" coveredstatements="57" conditionals="46" coveredconditionals="41" methods="10" coveredmethods="10"/>
      <file name="index.ts" path="C:\Users\User\Documents\APPS\VortexSphere\cash-property-analyzer\src\core\scoring\index.ts">
        <metrics statements="62" coveredstatements="57" conditionals="46" coveredconditionals="41" methods="10" coveredmethods="10"/>
        <line num="15" count="7" type="stmt"/>
        <line num="22" count="4569" type="stmt"/>
        <line num="28" count="4569" type="cond" truecount="2" falsecount="0"/>
        <line num="29" count="2789" type="stmt"/>
        <line num="34" count="4569" type="cond" truecount="2" falsecount="0"/>
        <line num="35" count="1454" type="stmt"/>
        <line num="38" count="4569" type="cond" truecount="2" falsecount="0"/>
        <line num="39" count="2692" type="stmt"/>
        <line num="44" count="4569" type="stmt"/>
        <line num="50" count="7" type="stmt"/>
        <line num="51" count="1747" type="stmt"/>
        <line num="53" count="1747" type="stmt"/>
        <line num="54" count="5293" type="cond" truecount="2" falsecount="0"/>
        <line num="55" count="1747" type="stmt"/>
        <line num="59" count="0" type="stmt"/>
        <line num="65" count="7" type="stmt"/>
        <line num="66" count="1747" type="stmt"/>
        <line num="68" count="1747" type="stmt"/>
        <line num="69" count="3978" type="cond" truecount="2" falsecount="0"/>
        <line num="70" count="1747" type="stmt"/>
        <line num="74" count="0" type="stmt"/>
        <line num="81" count="7" type="stmt"/>
        <line num="82" count="1747" type="cond" truecount="1" falsecount="1"/>
        <line num="88" count="7" type="stmt"/>
        <line num="89" count="1747" type="stmt"/>
        <line num="90" count="10482" type="cond" truecount="2" falsecount="0"/>
        <line num="95" count="1747" type="cond" truecount="3" falsecount="1"/>
        <line num="96" count="0" type="stmt"/>
        <line num="99" count="1747" type="stmt"/>
        <line num="102" count="1747" type="cond" truecount="2" falsecount="0"/>
        <line num="103" count="92" type="cond" truecount="2" falsecount="0"/>
        <line num="104" count="60" type="cond" truecount="2" falsecount="0"/>
        <line num="105" count="32" type="stmt"/>
        <line num="111" count="7" type="stmt"/>
        <line num="115" count="1747" type="cond" truecount="2" falsecount="0"/>
        <line num="116" count="1209" type="cond" truecount="2" falsecount="0"/>
        <line num="117" count="937" type="cond" truecount="2" falsecount="0"/>
        <line num="118" count="686" type="stmt"/>
        <line num="124" count="7" type="stmt"/>
        <line num="125" count="1747" type="cond" truecount="2" falsecount="0"/>
        <line num="126" count="404" type="cond" truecount="2" falsecount="0"/>
        <line num="127" count="351" type="cond" truecount="2" falsecount="0"/>
        <line num="128" count="194" type="cond" truecount="1" falsecount="1"/>
        <line num="129" count="0" type="cond" truecount="0" falsecount="2"/>
        <line num="130" count="0" type="stmt"/>
        <line num="155" count="7" type="stmt"/>
        <line num="157" count="4681" type="stmt"/>
        <line num="158" count="4681" type="stmt"/>
        <line num="159" count="4681" type="stmt"/>
        <line num="162" count="4681" type="cond" truecount="2" falsecount="0"/>
        <line num="163" count="112" type="stmt"/>
        <line num="179" count="4569" type="stmt"/>
        <line num="182" count="4569" type="stmt"/>
        <line num="191" count="4569" type="cond" truecount="2" falsecount="0"/>
        <line num="192" count="2822" type="stmt"/>
        <line num="208" count="1747" type="stmt"/>
        <line num="218" count="1747" type="stmt"/>
        <line num="219" count="10482" type="stmt"/>
        <line num="225" count="1747" type="cond" truecount="2" falsecount="0"/>
        <line num="226" count="1411" type="stmt"/>
        <line num="228" count="336" type="stmt"/>
        <line num="231" count="1747" type="stmt"/>
      </file>
    </package>
    <package name="core.stressTests">
      <metrics statements="15" coveredstatements="15" conditionals="2" coveredconditionals="2" methods="5" coveredmethods="5"/>
      <file name="index.ts" path="C:\Users\User\Documents\APPS\VortexSphere\cash-property-analyzer\src\core\stressTests\index.ts">
        <metrics statements="15" coveredstatements="15" conditionals="2" coveredconditionals="2" methods="5" coveredmethods="5"/>
        <line num="10" count="7" type="stmt"/>
        <line num="11" count="4569" type="stmt"/>
        <line num="16" count="4569" type="stmt"/>
        <line num="23" count="7" type="stmt"/>
        <line num="24" count="4569" type="stmt"/>
        <line num="37" count="4569" type="stmt"/>
        <line num="44" count="7" type="stmt"/>
        <line num="45" count="4569" type="stmt"/>
        <line num="51" count="4569" type="stmt"/>
        <line num="58" count="7" type="stmt"/>
        <line num="61" count="4569" type="stmt"/>
        <line num="63" count="4569" type="stmt"/>
        <line num="78" count="4569" type="stmt"/>
        <line num="79" count="9138" type="cond" truecount="2" falsecount="0"/>
        <line num="82" count="4569" type="stmt"/>
      </file>
    </package>
    <package name="data.persistence">
      <metrics statements="29" coveredstatements="10" conditionals="4" coveredconditionals="0" methods="12" coveredmethods="5"/>
      <file name="indexedDB.ts" path="C:\Users\User\Documents\APPS\VortexSphere\cash-property-analyzer\src\data\persistence\indexedDB.ts">
        <metrics statements="29" coveredstatements="10" conditionals="4" coveredconditionals="0" methods="12" coveredmethods="5"/>
        <line num="4" count="2" type="stmt"/>
        <line num="7" count="2" type="stmt"/>
        <line num="13" count="2" type="stmt"/>
        <line num="16" count="2" type="stmt"/>
        <line num="21" count="1" type="stmt"/>
        <line num="22" count="1" type="stmt"/>
        <line num="23" count="1" type="stmt"/>
        <line num="25" count="1" type="stmt"/>
        <line num="27" count="0" type="stmt"/>
        <line num="33" count="1" type="stmt"/>
        <line num="38" count="1" type="stmt"/>
        <line num="43" count="0" type="stmt"/>
        <line num="44" count="0" type="stmt"/>
        <line num="50" count="0" type="stmt"/>
        <line num="57" count="0" type="stmt"/>
        <line num="58" count="0" type="stmt"/>
        <line num="60" count="0" type="cond" truecount="0" falsecount="4"/>
        <line num="61" count="0" type="stmt"/>
        <line num="65" count="0" type="stmt"/>
        <line num="68" count="0" type="stmt"/>
        <line num="69" count="0" type="stmt"/>
        <line num="72" count="0" type="stmt"/>
        <line num="74" count="0" type="stmt"/>
        <line num="75" count="0" type="stmt"/>
        <line num="86" count="0" type="stmt"/>
        <line num="87" count="0" type="stmt"/>
        <line num="89" count="0" type="stmt"/>
        <line num="90" count="0" type="stmt"/>
        <line num="91" count="0" type="stmt"/>
      </file>
    </package>
  </project>
</coverage>
