{"C:\\Users\\User\\Documents\\APPS\\VortexSphere\\cash-property-analyzer\\src\\config\\saConfig.ts": {"path":"C:\\Users\\User\\Documents\\APPS\\VortexSphere\\cash-property-analyzer\\src\\config\\saConfig.ts","statementMap":{"0":{"start":{"line":2,"column":24},"end":{"line":53,"column":null}}},"fnMap":{},"branchMap":{},"s":{"0":9},"f":{},"b":{},"meta":{"lastBranch":0,"lastFunction":0,"lastStatement":1,"seen":{"s:2:24:53:Infinity":0}}}
,"C:\\Users\\User\\Documents\\APPS\\VortexSphere\\cash-property-analyzer\\src\\core\\adapters\\mapDealToRankingRow.ts": {"path":"C:\\Users\\User\\Documents\\APPS\\VortexSphere\\cash-property-analyzer\\src\\core\\adapters\\mapDealToRankingRow.ts","statementMap":{"0":{"start":{"line":15,"column":35},"end":{"line":28,"column":null}},"1":{"start":{"line":15,"column":70},"end":{"line":28,"column":null}}},"fnMap":{"0":{"name":"(anonymous_0)","decl":{"start":{"line":15,"column":35},"end":{"line":15,"column":36}},"loc":{"start":{"line":15,"column":70},"end":{"line":28,"column":null}},"line":15}},"branchMap":{"0":{"loc":{"start":{"line":20,"column":7},"end":{"line":20,"column":null}},"type":"binary-expr","locations":[{"start":{"line":20,"column":7},"end":{"line":20,"column":35}},{"start":{"line":20,"column":35},"end":{"line":20,"column":null}}],"line":20},"1":{"loc":{"start":{"line":21,"column":11},"end":{"line":21,"column":null}},"type":"binary-expr","locations":[{"start":{"line":21,"column":11},"end":{"line":21,"column":48}},{"start":{"line":21,"column":48},"end":{"line":21,"column":null}}],"line":21},"2":{"loc":{"start":{"line":22,"column":2},"end":{"line":25,"column":null}},"type":"cond-expr","locations":[{"start":{"line":24,"column":8},"end":{"line":24,"column":null}},{"start":{"line":25,"column":8},"end":{"line":25,"column":null}}],"line":22},"3":{"loc":{"start":{"line":23,"column":5},"end":{"line":23,"column":69}},"type":"binary-expr","locations":[{"start":{"line":23,"column":5},"end":{"line":23,"column":63}},{"start":{"line":23,"column":63},"end":{"line":23,"column":69}}],"line":23},"4":{"loc":{"start":{"line":26,"column":16},"end":{"line":26,"column":null}},"type":"binary-expr","locations":[{"start":{"line":26,"column":16},"end":{"line":26,"column":53}},{"start":{"line":26,"column":53},"end":{"line":26,"column":null}}],"line":26}},"s":{"0":1,"1":1},"f":{"0":1},"b":{"0":[1,0],"1":[1,0],"2":[1,0],"3":[1,0],"4":[1,0]},"meta":{"lastBranch":5,"lastFunction":1,"lastStatement":2,"seen":{"s:15:35:28:Infinity":0,"f:15:35:15:36":0,"s:15:70:28:Infinity":1,"b:20:7:20:35:20:35:20:Infinity":0,"b:21:11:21:48:21:48:21:Infinity":1,"b:24:8:24:Infinity:25:8:25:Infinity":2,"b:23:5:23:63:23:63:23:69":3,"b:26:16:26:53:26:53:26:Infinity":4}}}
,"C:\\Users\\User\\Documents\\APPS\\VortexSphere\\cash-property-analyzer\\src\\core\\calculations\\index.ts": {"path":"C:\\Users\\User\\Documents\\APPS\\VortexSphere\\cash-property-analyzer\\src\\core\\calculations\\index.ts","statementMap":{"0":{"start":{"line":16,"column":28},"end":{"line":24,"column":null}},"1":{"start":{"line":17,"column":24},"end":{"line":20,"column":null}},"2":{"start":{"line":18,"column":22},"end":{"line":18,"column":null}},"3":{"start":{"line":21,"column":24},"end":{"line":21,"column":null}},"4":{"start":{"line":23,"column":2},"end":{"line":23,"column":null}},"5":{"start":{"line":30,"column":38},"end":{"line":33,"column":null}},"6":{"start":{"line":31,"column":14},"end":{"line":31,"column":null}},"7":{"start":{"line":32,"column":2},"end":{"line":32,"column":null}},"8":{"start":{"line":39,"column":28},"end":{"line":48,"column":null}},"9":{"start":{"line":40,"column":24},"end":{"line":40,"column":null}},"10":{"start":{"line":43,"column":2},"end":{"line":45,"column":null}},"11":{"start":{"line":44,"column":4},"end":{"line":44,"column":null}},"12":{"start":{"line":47,"column":2},"end":{"line":47,"column":null}},"13":{"start":{"line":54,"column":32},"end":{"line":62,"column":null}},"14":{"start":{"line":55,"column":24},"end":{"line":55,"column":null}},"15":{"start":{"line":57,"column":2},"end":{"line":59,"column":null}},"16":{"start":{"line":58,"column":4},"end":{"line":58,"column":null}},"17":{"start":{"line":61,"column":2},"end":{"line":61,"column":null}},"18":{"start":{"line":74,"column":41},"end":{"line":77,"column":null}},"19":{"start":{"line":75,"column":2},"end":{"line":75,"column":null}},"20":{"start":{"line":75,"column":32},"end":{"line":75,"column":null}},"21":{"start":{"line":76,"column":2},"end":{"line":76,"column":null}},"22":{"start":{"line":83,"column":28},"end":{"line":86,"column":null}},"23":{"start":{"line":84,"column":2},"end":{"line":84,"column":null}},"24":{"start":{"line":84,"column":34},"end":{"line":84,"column":null}},"25":{"start":{"line":85,"column":2},"end":{"line":85,"column":null}},"26":{"start":{"line":93,"column":37},"end":{"line":95,"column":null}},"27":{"start":{"line":94,"column":2},"end":{"line":94,"column":null}}},"fnMap":{"0":{"name":"(anonymous_0)","decl":{"start":{"line":16,"column":28},"end":{"line":16,"column":29}},"loc":{"start":{"line":16,"column":58},"end":{"line":24,"column":null}},"line":16},"1":{"name":"(anonymous_1)","decl":{"start":{"line":18,"column":4},"end":{"line":18,"column":5}},"loc":{"start":{"line":18,"column":22},"end":{"line":18,"column":null}},"line":18},"2":{"name":"(anonymous_2)","decl":{"start":{"line":30,"column":38},"end":{"line":30,"column":39}},"loc":{"start":{"line":30,"column":68},"end":{"line":33,"column":null}},"line":30},"3":{"name":"(anonymous_3)","decl":{"start":{"line":39,"column":28},"end":{"line":39,"column":29}},"loc":{"start":{"line":39,"column":58},"end":{"line":48,"column":null}},"line":39},"4":{"name":"(anonymous_4)","decl":{"start":{"line":54,"column":32},"end":{"line":54,"column":33}},"loc":{"start":{"line":54,"column":62},"end":{"line":62,"column":null}},"line":54},"5":{"name":"(anonymous_5)","decl":{"start":{"line":74,"column":41},"end":{"line":74,"column":42}},"loc":{"start":{"line":74,"column":71},"end":{"line":77,"column":null}},"line":74},"6":{"name":"(anonymous_6)","decl":{"start":{"line":83,"column":28},"end":{"line":83,"column":29}},"loc":{"start":{"line":83,"column":58},"end":{"line":86,"column":null}},"line":83},"7":{"name":"(anonymous_7)","decl":{"start":{"line":93,"column":37},"end":{"line":93,"column":38}},"loc":{"start":{"line":93,"column":62},"end":{"line":95,"column":null}},"line":93}},"branchMap":{"0":{"loc":{"start":{"line":18,"column":29},"end":{"line":18,"column":null}},"type":"cond-expr","locations":[{"start":{"line":18,"column":56},"end":{"line":18,"column":66}},{"start":{"line":18,"column":66},"end":{"line":18,"column":null}}],"line":18},"1":{"loc":{"start":{"line":43,"column":2},"end":{"line":45,"column":null}},"type":"if","locations":[{"start":{"line":43,"column":2},"end":{"line":45,"column":null}},{"start":{},"end":{}}],"line":43},"2":{"loc":{"start":{"line":57,"column":2},"end":{"line":59,"column":null}},"type":"if","locations":[{"start":{"line":57,"column":2},"end":{"line":59,"column":null}},{"start":{},"end":{}}],"line":57},"3":{"loc":{"start":{"line":75,"column":2},"end":{"line":75,"column":null}},"type":"if","locations":[{"start":{"line":75,"column":2},"end":{"line":75,"column":null}},{"start":{},"end":{}}],"line":75},"4":{"loc":{"start":{"line":84,"column":2},"end":{"line":84,"column":null}},"type":"if","locations":[{"start":{"line":84,"column":2},"end":{"line":84,"column":null}},{"start":{},"end":{}}],"line":84}},"s":{"0":9,"1":27651,"2":165906,"3":27651,"4":27651,"5":9,"6":27647,"7":27647,"8":9,"9":4684,"10":4684,"11":49,"12":4635,"13":9,"14":4684,"15":4684,"16":1173,"17":3511,"18":9,"19":2,"20":1,"21":1,"22":9,"23":2,"24":1,"25":1,"26":9,"27":4681},"f":{"0":27651,"1":165906,"2":27647,"3":4684,"4":4684,"5":2,"6":2,"7":4681},"b":{"0":[165251,655],"1":[49,4635],"2":[1173,3511],"3":[1,1],"4":[1,1]},"meta":{"lastBranch":5,"lastFunction":8,"lastStatement":28,"seen":{"s:16:28:24:Infinity":0,"f:16:28:16:29":0,"s:17:24:20:Infinity":1,"f:18:4:18:5":1,"s:18:22:18:Infinity":2,"b:18:56:18:66:18:66:18:Infinity":0,"s:21:24:21:Infinity":3,"s:23:2:23:Infinity":4,"s:30:38:33:Infinity":5,"f:30:38:30:39":2,"s:31:14:31:Infinity":6,"s:32:2:32:Infinity":7,"s:39:28:48:Infinity":8,"f:39:28:39:29":3,"s:40:24:40:Infinity":9,"b:43:2:45:Infinity:undefined:undefined:undefined:undefined":1,"s:43:2:45:Infinity":10,"s:44:4:44:Infinity":11,"s:47:2:47:Infinity":12,"s:54:32:62:Infinity":13,"f:54:32:54:33":4,"s:55:24:55:Infinity":14,"b:57:2:59:Infinity:undefined:undefined:undefined:undefined":2,"s:57:2:59:Infinity":15,"s:58:4:58:Infinity":16,"s:61:2:61:Infinity":17,"s:74:41:77:Infinity":18,"f:74:41:74:42":5,"b:75:2:75:Infinity:undefined:undefined:undefined:undefined":3,"s:75:2:75:Infinity":19,"s:75:32:75:Infinity":20,"s:76:2:76:Infinity":21,"s:83:28:86:Infinity":22,"f:83:28:83:29":6,"b:84:2:84:Infinity:undefined:undefined:undefined:undefined":4,"s:84:2:84:Infinity":23,"s:84:34:84:Infinity":24,"s:85:2:85:Infinity":25,"s:93:37:95:Infinity":26,"f:93:37:93:38":7,"s:94:2:94:Infinity":27}}}
,"C:\\Users\\User\\Documents\\APPS\\VortexSphere\\cash-property-analyzer\\src\\core\\scoring\\index.ts": {"path":"C:\\Users\\User\\Documents\\APPS\\VortexSphere\\cash-property-analyzer\\src\\core\\scoring\\index.ts","statementMap":{"0":{"start":{"line":15,"column":36},"end":{"line":45,"column":null}},"1":{"start":{"line":22,"column":34},"end":{"line":22,"column":null}},"2":{"start":{"line":28,"column":2},"end":{"line":32,"column":null}},"3":{"start":{"line":29,"column":4},"end":{"line":31,"column":null}},"4":{"start":{"line":34,"column":2},"end":{"line":36,"column":null}},"5":{"start":{"line":35,"column":4},"end":{"line":35,"column":null}},"6":{"start":{"line":38,"column":2},"end":{"line":42,"column":null}},"7":{"start":{"line":39,"column":4},"end":{"line":41,"column":null}},"8":{"start":{"line":44,"column":2},"end":{"line":44,"column":null}},"9":{"start":{"line":50,"column":24},"end":{"line":60,"column":null}},"10":{"start":{"line":51,"column":25},"end":{"line":51,"column":null}},"11":{"start":{"line":53,"column":2},"end":{"line":57,"column":null}},"12":{"start":{"line":54,"column":4},"end":{"line":56,"column":null}},"13":{"start":{"line":55,"column":6},"end":{"line":55,"column":null}},"14":{"start":{"line":59,"column":2},"end":{"line":59,"column":null}},"15":{"start":{"line":65,"column":28},"end":{"line":75,"column":null}},"16":{"start":{"line":66,"column":29},"end":{"line":66,"column":null}},"17":{"start":{"line":68,"column":2},"end":{"line":72,"column":null}},"18":{"start":{"line":69,"column":4},"end":{"line":71,"column":null}},"19":{"start":{"line":70,"column":6},"end":{"line":70,"column":null}},"20":{"start":{"line":74,"column":2},"end":{"line":74,"column":null}},"21":{"start":{"line":81,"column":35},"end":{"line":83,"column":null}},"22":{"start":{"line":82,"column":2},"end":{"line":82,"column":null}},"23":{"start":{"line":88,"column":35},"end":{"line":106,"column":null}},"24":{"start":{"line":89,"column":24},"end":{"line":92,"column":null}},"25":{"start":{"line":90,"column":22},"end":{"line":90,"column":null}},"26":{"start":{"line":95,"column":2},"end":{"line":97,"column":null}},"27":{"start":{"line":96,"column":4},"end":{"line":96,"column":null}},"28":{"start":{"line":99,"column":23},"end":{"line":99,"column":null}},"29":{"start":{"line":102,"column":2},"end":{"line":102,"column":null}},"30":{"start":{"line":102,"column":28},"end":{"line":102,"column":null}},"31":{"start":{"line":103,"column":2},"end":{"line":103,"column":null}},"32":{"start":{"line":103,"column":28},"end":{"line":103,"column":null}},"33":{"start":{"line":104,"column":2},"end":{"line":104,"column":null}},"34":{"start":{"line":104,"column":28},"end":{"line":104,"column":null}},"35":{"start":{"line":105,"column":2},"end":{"line":105,"column":null}},"36":{"start":{"line":111,"column":35},"end":{"line":119,"column":null}},"37":{"start":{"line":115,"column":2},"end":{"line":115,"column":null}},"38":{"start":{"line":115,"column":28},"end":{"line":115,"column":null}},"39":{"start":{"line":116,"column":2},"end":{"line":116,"column":null}},"40":{"start":{"line":116,"column":28},"end":{"line":116,"column":null}},"41":{"start":{"line":117,"column":2},"end":{"line":117,"column":null}},"42":{"start":{"line":117,"column":29},"end":{"line":117,"column":null}},"43":{"start":{"line":118,"column":2},"end":{"line":118,"column":null}},"44":{"start":{"line":124,"column":33},"end":{"line":131,"column":null}},"45":{"start":{"line":125,"column":2},"end":{"line":125,"column":null}},"46":{"start":{"line":125,"column":22},"end":{"line":125,"column":null}},"47":{"start":{"line":126,"column":2},"end":{"line":126,"column":null}},"48":{"start":{"line":126,"column":23},"end":{"line":126,"column":null}},"49":{"start":{"line":127,"column":2},"end":{"line":127,"column":null}},"50":{"start":{"line":127,"column":23},"end":{"line":127,"column":null}},"51":{"start":{"line":128,"column":2},"end":{"line":128,"column":null}},"52":{"start":{"line":128,"column":23},"end":{"line":128,"column":null}},"53":{"start":{"line":129,"column":2},"end":{"line":129,"column":null}},"54":{"start":{"line":129,"column":23},"end":{"line":129,"column":null}},"55":{"start":{"line":130,"column":2},"end":{"line":130,"column":null}},"56":{"start":{"line":155,"column":29},"end":{"line":237,"column":null}},"57":{"start":{"line":157,"column":8},"end":{"line":157,"column":null}},"58":{"start":{"line":158,"column":8},"end":{"line":158,"column":null}},"59":{"start":{"line":159,"column":8},"end":{"line":159,"column":null}},"60":{"start":{"line":162,"column":2},"end":{"line":176,"column":null}},"61":{"start":{"line":163,"column":4},"end":{"line":175,"column":null}},"62":{"start":{"line":179,"column":8},"end":{"line":179,"column":null}},"63":{"start":{"line":182,"column":24},"end":{"line":188,"column":null}},"64":{"start":{"line":191,"column":2},"end":{"line":205,"column":null}},"65":{"start":{"line":192,"column":4},"end":{"line":204,"column":null}},"66":{"start":{"line":208,"column":26},"end":{"line":215,"column":null}},"67":{"start":{"line":218,"column":21},"end":{"line":221,"column":null}},"68":{"start":{"line":219,"column":20},"end":{"line":219,"column":null}},"69":{"start":{"line":225,"column":2},"end":{"line":229,"column":null}},"70":{"start":{"line":226,"column":4},"end":{"line":226,"column":null}},"71":{"start":{"line":228,"column":4},"end":{"line":228,"column":null}},"72":{"start":{"line":231,"column":2},"end":{"line":236,"column":null}}},"fnMap":{"0":{"name":"(anonymous_0)","decl":{"start":{"line":15,"column":36},"end":{"line":15,"column":null}},"loc":{"start":{"line":21,"column":15},"end":{"line":45,"column":null}},"line":21},"1":{"name":"(anonymous_1)","decl":{"start":{"line":50,"column":24},"end":{"line":50,"column":25}},"loc":{"start":{"line":50,"column":49},"end":{"line":60,"column":null}},"line":50},"2":{"name":"(anonymous_2)","decl":{"start":{"line":65,"column":28},"end":{"line":65,"column":29}},"loc":{"start":{"line":65,"column":57},"end":{"line":75,"column":null}},"line":65},"3":{"name":"(anonymous_3)","decl":{"start":{"line":81,"column":35},"end":{"line":81,"column":36}},"loc":{"start":{"line":81,"column":64},"end":{"line":83,"column":null}},"line":81},"4":{"name":"(anonymous_4)","decl":{"start":{"line":88,"column":35},"end":{"line":88,"column":36}},"loc":{"start":{"line":88,"column":65},"end":{"line":106,"column":null}},"line":88},"5":{"name":"(anonymous_5)","decl":{"start":{"line":90,"column":4},"end":{"line":90,"column":5}},"loc":{"start":{"line":90,"column":22},"end":{"line":90,"column":null}},"line":90},"6":{"name":"(anonymous_6)","decl":{"start":{"line":111,"column":35},"end":{"line":111,"column":36}},"loc":{"start":{"line":111,"column":65},"end":{"line":119,"column":null}},"line":111},"7":{"name":"(anonymous_7)","decl":{"start":{"line":124,"column":33},"end":{"line":124,"column":34}},"loc":{"start":{"line":124,"column":62},"end":{"line":131,"column":null}},"line":124},"8":{"name":"(anonymous_8)","decl":{"start":{"line":155,"column":29},"end":{"line":155,"column":30}},"loc":{"start":{"line":155,"column":66},"end":{"line":237,"column":null}},"line":155},"9":{"name":"(anonymous_9)","decl":{"start":{"line":219,"column":4},"end":{"line":219,"column":5}},"loc":{"start":{"line":219,"column":20},"end":{"line":219,"column":null}},"line":219}},"branchMap":{"0":{"loc":{"start":{"line":28,"column":2},"end":{"line":32,"column":null}},"type":"if","locations":[{"start":{"line":28,"column":2},"end":{"line":32,"column":null}},{"start":{},"end":{}}],"line":28},"1":{"loc":{"start":{"line":34,"column":2},"end":{"line":36,"column":null}},"type":"if","locations":[{"start":{"line":34,"column":2},"end":{"line":36,"column":null}},{"start":{},"end":{}}],"line":34},"2":{"loc":{"start":{"line":38,"column":2},"end":{"line":42,"column":null}},"type":"if","locations":[{"start":{"line":38,"column":2},"end":{"line":42,"column":null}},{"start":{},"end":{}}],"line":38},"3":{"loc":{"start":{"line":54,"column":4},"end":{"line":56,"column":null}},"type":"if","locations":[{"start":{"line":54,"column":4},"end":{"line":56,"column":null}},{"start":{},"end":{}}],"line":54},"4":{"loc":{"start":{"line":69,"column":4},"end":{"line":71,"column":null}},"type":"if","locations":[{"start":{"line":69,"column":4},"end":{"line":71,"column":null}},{"start":{},"end":{}}],"line":69},"5":{"loc":{"start":{"line":82,"column":9},"end":{"line":82,"column":null}},"type":"cond-expr","locations":[{"start":{"line":82,"column":18},"end":{"line":82,"column":23}},{"start":{"line":82,"column":23},"end":{"line":82,"column":null}}],"line":82},"6":{"loc":{"start":{"line":90,"column":29},"end":{"line":90,"column":null}},"type":"cond-expr","locations":[{"start":{"line":90,"column":56},"end":{"line":90,"column":66}},{"start":{"line":90,"column":66},"end":{"line":90,"column":null}}],"line":90},"7":{"loc":{"start":{"line":95,"column":2},"end":{"line":97,"column":null}},"type":"if","locations":[{"start":{"line":95,"column":2},"end":{"line":97,"column":null}},{"start":{},"end":{}}],"line":95},"8":{"loc":{"start":{"line":95,"column":6},"end":{"line":95,"column":69}},"type":"binary-expr","locations":[{"start":{"line":95,"column":6},"end":{"line":95,"column":36}},{"start":{"line":95,"column":36},"end":{"line":95,"column":69}}],"line":95},"9":{"loc":{"start":{"line":102,"column":2},"end":{"line":102,"column":null}},"type":"if","locations":[{"start":{"line":102,"column":2},"end":{"line":102,"column":null}},{"start":{},"end":{}}],"line":102},"10":{"loc":{"start":{"line":103,"column":2},"end":{"line":103,"column":null}},"type":"if","locations":[{"start":{"line":103,"column":2},"end":{"line":103,"column":null}},{"start":{},"end":{}}],"line":103},"11":{"loc":{"start":{"line":104,"column":2},"end":{"line":104,"column":null}},"type":"if","locations":[{"start":{"line":104,"column":2},"end":{"line":104,"column":null}},{"start":{},"end":{}}],"line":104},"12":{"loc":{"start":{"line":115,"column":2},"end":{"line":115,"column":null}},"type":"if","locations":[{"start":{"line":115,"column":2},"end":{"line":115,"column":null}},{"start":{},"end":{}}],"line":115},"13":{"loc":{"start":{"line":116,"column":2},"end":{"line":116,"column":null}},"type":"if","locations":[{"start":{"line":116,"column":2},"end":{"line":116,"column":null}},{"start":{},"end":{}}],"line":116},"14":{"loc":{"start":{"line":117,"column":2},"end":{"line":117,"column":null}},"type":"if","locations":[{"start":{"line":117,"column":2},"end":{"line":117,"column":null}},{"start":{},"end":{}}],"line":117},"15":{"loc":{"start":{"line":125,"column":2},"end":{"line":125,"column":null}},"type":"if","locations":[{"start":{"line":125,"column":2},"end":{"line":125,"column":null}},{"start":{},"end":{}}],"line":125},"16":{"loc":{"start":{"line":126,"column":2},"end":{"line":126,"column":null}},"type":"if","locations":[{"start":{"line":126,"column":2},"end":{"line":126,"column":null}},{"start":{},"end":{}}],"line":126},"17":{"loc":{"start":{"line":127,"column":2},"end":{"line":127,"column":null}},"type":"if","locations":[{"start":{"line":127,"column":2},"end":{"line":127,"column":null}},{"start":{},"end":{}}],"line":127},"18":{"loc":{"start":{"line":128,"column":2},"end":{"line":128,"column":null}},"type":"if","locations":[{"start":{"line":128,"column":2},"end":{"line":128,"column":null}},{"start":{},"end":{}}],"line":128},"19":{"loc":{"start":{"line":129,"column":2},"end":{"line":129,"column":null}},"type":"if","locations":[{"start":{"line":129,"column":2},"end":{"line":129,"column":null}},{"start":{},"end":{}}],"line":129},"20":{"loc":{"start":{"line":162,"column":2},"end":{"line":176,"column":null}},"type":"if","locations":[{"start":{"line":162,"column":2},"end":{"line":176,"column":null}},{"start":{},"end":{}}],"line":162},"21":{"loc":{"start":{"line":191,"column":2},"end":{"line":205,"column":null}},"type":"if","locations":[{"start":{"line":191,"column":2},"end":{"line":205,"column":null}},{"start":{},"end":{}}],"line":191},"22":{"loc":{"start":{"line":225,"column":2},"end":{"line":229,"column":null}},"type":"if","locations":[{"start":{"line":225,"column":2},"end":{"line":229,"column":null}},{"start":{"line":227,"column":9},"end":{"line":229,"column":null}}],"line":225}},"s":{"0":7,"1":4569,"2":4569,"3":2789,"4":4569,"5":1454,"6":4569,"7":2692,"8":4569,"9":7,"10":1747,"11":1747,"12":5293,"13":1747,"14":0,"15":7,"16":1747,"17":1747,"18":3978,"19":1747,"20":0,"21":7,"22":1747,"23":7,"24":1747,"25":10482,"26":1747,"27":0,"28":1747,"29":1747,"30":1655,"31":92,"32":32,"33":60,"34":28,"35":32,"36":7,"37":1747,"38":538,"39":1209,"40":272,"41":937,"42":251,"43":686,"44":7,"45":1747,"46":1343,"47":404,"48":53,"49":351,"50":157,"51":194,"52":194,"53":0,"54":0,"55":0,"56":7,"57":4681,"58":4681,"59":4681,"60":4681,"61":112,"62":4569,"63":4569,"64":4569,"65":2822,"66":1747,"67":1747,"68":10482,"69":1747,"70":1411,"71":336,"72":1747},"f":{"0":4569,"1":1747,"2":1747,"3":1747,"4":1747,"5":10482,"6":1747,"7":1747,"8":4681,"9":10482},"b":{"0":[2789,1780],"1":[1454,3115],"2":[2692,1877],"3":[1747,3546],"4":[1747,2231],"5":[1747,0],"6":[10441,41],"7":[0,1747],"8":[1747,1747],"9":[1655,92],"10":[32,60],"11":[28,32],"12":[538,1209],"13":[272,937],"14":[251,686],"15":[1343,404],"16":[53,351],"17":[157,194],"18":[194,0],"19":[0,0],"20":[112,4569],"21":[2822,1747],"22":[1411,336]},"meta":{"lastBranch":23,"lastFunction":10,"lastStatement":73,"seen":{"s:15:36:45:Infinity":0,"f:15:36:15:Infinity":0,"s:22:34:22:Infinity":1,"b:28:2:32:Infinity:undefined:undefined:undefined:undefined":0,"s:28:2:32:Infinity":2,"s:29:4:31:Infinity":3,"b:34:2:36:Infinity:undefined:undefined:undefined:undefined":1,"s:34:2:36:Infinity":4,"s:35:4:35:Infinity":5,"b:38:2:42:Infinity:undefined:undefined:undefined:undefined":2,"s:38:2:42:Infinity":6,"s:39:4:41:Infinity":7,"s:44:2:44:Infinity":8,"s:50:24:60:Infinity":9,"f:50:24:50:25":1,"s:51:25:51:Infinity":10,"s:53:2:57:Infinity":11,"b:54:4:56:Infinity:undefined:undefined:undefined:undefined":3,"s:54:4:56:Infinity":12,"s:55:6:55:Infinity":13,"s:59:2:59:Infinity":14,"s:65:28:75:Infinity":15,"f:65:28:65:29":2,"s:66:29:66:Infinity":16,"s:68:2:72:Infinity":17,"b:69:4:71:Infinity:undefined:undefined:undefined:undefined":4,"s:69:4:71:Infinity":18,"s:70:6:70:Infinity":19,"s:74:2:74:Infinity":20,"s:81:35:83:Infinity":21,"f:81:35:81:36":3,"s:82:2:82:Infinity":22,"b:82:18:82:23:82:23:82:Infinity":5,"s:88:35:106:Infinity":23,"f:88:35:88:36":4,"s:89:24:92:Infinity":24,"f:90:4:90:5":5,"s:90:22:90:Infinity":25,"b:90:56:90:66:90:66:90:Infinity":6,"b:95:2:97:Infinity:undefined:undefined:undefined:undefined":7,"s:95:2:97:Infinity":26,"b:95:6:95:36:95:36:95:69":8,"s:96:4:96:Infinity":27,"s:99:23:99:Infinity":28,"b:102:2:102:Infinity:undefined:undefined:undefined:undefined":9,"s:102:2:102:Infinity":29,"s:102:28:102:Infinity":30,"b:103:2:103:Infinity:undefined:undefined:undefined:undefined":10,"s:103:2:103:Infinity":31,"s:103:28:103:Infinity":32,"b:104:2:104:Infinity:undefined:undefined:undefined:undefined":11,"s:104:2:104:Infinity":33,"s:104:28:104:Infinity":34,"s:105:2:105:Infinity":35,"s:111:35:119:Infinity":36,"f:111:35:111:36":6,"b:115:2:115:Infinity:undefined:undefined:undefined:undefined":12,"s:115:2:115:Infinity":37,"s:115:28:115:Infinity":38,"b:116:2:116:Infinity:undefined:undefined:undefined:undefined":13,"s:116:2:116:Infinity":39,"s:116:28:116:Infinity":40,"b:117:2:117:Infinity:undefined:undefined:undefined:undefined":14,"s:117:2:117:Infinity":41,"s:117:29:117:Infinity":42,"s:118:2:118:Infinity":43,"s:124:33:131:Infinity":44,"f:124:33:124:34":7,"b:125:2:125:Infinity:undefined:undefined:undefined:undefined":15,"s:125:2:125:Infinity":45,"s:125:22:125:Infinity":46,"b:126:2:126:Infinity:undefined:undefined:undefined:undefined":16,"s:126:2:126:Infinity":47,"s:126:23:126:Infinity":48,"b:127:2:127:Infinity:undefined:undefined:undefined:undefined":17,"s:127:2:127:Infinity":49,"s:127:23:127:Infinity":50,"b:128:2:128:Infinity:undefined:undefined:undefined:undefined":18,"s:128:2:128:Infinity":51,"s:128:23:128:Infinity":52,"b:129:2:129:Infinity:undefined:undefined:undefined:undefined":19,"s:129:2:129:Infinity":53,"s:129:23:129:Infinity":54,"s:130:2:130:Infinity":55,"s:155:29:237:Infinity":56,"f:155:29:155:30":8,"s:157:8:157:Infinity":57,"s:158:8:158:Infinity":58,"s:159:8:159:Infinity":59,"b:162:2:176:Infinity:undefined:undefined:undefined:undefined":20,"s:162:2:176:Infinity":60,"s:163:4:175:Infinity":61,"s:179:8:179:Infinity":62,"s:182:24:188:Infinity":63,"b:191:2:205:Infinity:undefined:undefined:undefined:undefined":21,"s:191:2:205:Infinity":64,"s:192:4:204:Infinity":65,"s:208:26:215:Infinity":66,"s:218:21:221:Infinity":67,"f:219:4:219:5":9,"s:219:20:219:Infinity":68,"b:225:2:229:Infinity:227:9:229:Infinity":22,"s:225:2:229:Infinity":69,"s:226:4:226:Infinity":70,"s:228:4:228:Infinity":71,"s:231:2:236:Infinity":72}}}
,"C:\\Users\\User\\Documents\\APPS\\VortexSphere\\cash-property-analyzer\\src\\core\\stressTests\\index.ts": {"path":"C:\\Users\\User\\Documents\\APPS\\VortexSphere\\cash-property-analyzer\\src\\core\\stressTests\\index.ts","statementMap":{"0":{"start":{"line":10,"column":33},"end":{"line":17,"column":null}},"1":{"start":{"line":11,"column":23},"end":{"line":14,"column":null}},"2":{"start":{"line":16,"column":2},"end":{"line":16,"column":null}},"3":{"start":{"line":23,"column":44},"end":{"line":38,"column":null}},"4":{"start":{"line":24,"column":23},"end":{"line":35,"column":null}},"5":{"start":{"line":37,"column":2},"end":{"line":37,"column":null}},"6":{"start":{"line":44,"column":42},"end":{"line":52,"column":null}},"7":{"start":{"line":45,"column":23},"end":{"line":49,"column":null}},"8":{"start":{"line":51,"column":2},"end":{"line":51,"column":null}},"9":{"start":{"line":58,"column":39},"end":{"line":87,"column":null}},"10":{"start":{"line":61,"column":8},"end":{"line":61,"column":null}},"11":{"start":{"line":63,"column":16},"end":{"line":76,"column":null}},"12":{"start":{"line":78,"column":20},"end":{"line":80,"column":null}},"13":{"start":{"line":79,"column":4},"end":{"line":79,"column":null}},"14":{"start":{"line":82,"column":2},"end":{"line":86,"column":null}}},"fnMap":{"0":{"name":"(anonymous_0)","decl":{"start":{"line":10,"column":33},"end":{"line":10,"column":34}},"loc":{"start":{"line":10,"column":63},"end":{"line":17,"column":null}},"line":10},"1":{"name":"(anonymous_1)","decl":{"start":{"line":23,"column":44},"end":{"line":23,"column":45}},"loc":{"start":{"line":23,"column":74},"end":{"line":38,"column":null}},"line":23},"2":{"name":"(anonymous_2)","decl":{"start":{"line":44,"column":42},"end":{"line":44,"column":43}},"loc":{"start":{"line":44,"column":72},"end":{"line":52,"column":null}},"line":44},"3":{"name":"(anonymous_3)","decl":{"start":{"line":58,"column":39},"end":{"line":58,"column":null}},"loc":{"start":{"line":60,"column":70},"end":{"line":87,"column":null}},"line":60},"4":{"name":"(anonymous_4)","decl":{"start":{"line":78,"column":33},"end":{"line":78,"column":34}},"loc":{"start":{"line":79,"column":4},"end":{"line":79,"column":null}},"line":79}},"branchMap":{"0":{"loc":{"start":{"line":79,"column":4},"end":{"line":79,"column":null}},"type":"cond-expr","locations":[{"start":{"line":79,"column":40},"end":{"line":79,"column":50}},{"start":{"line":79,"column":50},"end":{"line":79,"column":null}}],"line":79}},"s":{"0":7,"1":4569,"2":4569,"3":7,"4":4569,"5":4569,"6":7,"7":4569,"8":4569,"9":7,"10":4569,"11":4569,"12":4569,"13":9138,"14":4569},"f":{"0":4569,"1":4569,"2":4569,"3":4569,"4":9138},"b":{"0":[776,8362]},"meta":{"lastBranch":1,"lastFunction":5,"lastStatement":15,"seen":{"s:10:33:17:Infinity":0,"f:10:33:10:34":0,"s:11:23:14:Infinity":1,"s:16:2:16:Infinity":2,"s:23:44:38:Infinity":3,"f:23:44:23:45":1,"s:24:23:35:Infinity":4,"s:37:2:37:Infinity":5,"s:44:42:52:Infinity":6,"f:44:42:44:43":2,"s:45:23:49:Infinity":7,"s:51:2:51:Infinity":8,"s:58:39:87:Infinity":9,"f:58:39:58:Infinity":3,"s:61:8:61:Infinity":10,"s:63:16:76:Infinity":11,"s:78:20:80:Infinity":12,"f:78:33:78:34":4,"s:79:4:79:Infinity":13,"b:79:40:79:50:79:50:79:Infinity":0,"s:82:2:86:Infinity":14}}}
,"C:\\Users\\User\\Documents\\APPS\\VortexSphere\\cash-property-analyzer\\src\\data\\persistence\\indexedDB.ts": {"path":"C:\\Users\\User\\Documents\\APPS\\VortexSphere\\cash-property-analyzer\\src\\data\\persistence\\indexedDB.ts","statementMap":{"0":{"start":{"line":4,"column":19},"end":{"line":4,"column":null}},"1":{"start":{"line":7,"column":0},"end":{"line":11,"column":null}},"2":{"start":{"line":13,"column":34},"end":{"line":94,"column":null}},"3":{"start":{"line":16,"column":4},"end":{"line":16,"column":null}},"4":{"start":{"line":21,"column":25},"end":{"line":21,"column":null}},"5":{"start":{"line":22,"column":4},"end":{"line":24,"column":null}},"6":{"start":{"line":23,"column":6},"end":{"line":23,"column":null}},"7":{"start":{"line":25,"column":4},"end":{"line":28,"column":null}},"8":{"start":{"line":27,"column":8},"end":{"line":27,"column":null}},"9":{"start":{"line":33,"column":4},"end":{"line":33,"column":null}},"10":{"start":{"line":38,"column":4},"end":{"line":38,"column":null}},"11":{"start":{"line":43,"column":18},"end":{"line":43,"column":null}},"12":{"start":{"line":44,"column":23},"end":{"line":49,"column":null}},"13":{"start":{"line":50,"column":4},"end":{"line":50,"column":null}},"14":{"start":{"line":57,"column":4},"end":{"line":76,"column":null}},"15":{"start":{"line":58,"column":19},"end":{"line":58,"column":null}},"16":{"start":{"line":60,"column":6},"end":{"line":62,"column":null}},"17":{"start":{"line":61,"column":8},"end":{"line":61,"column":null}},"18":{"start":{"line":65,"column":6},"end":{"line":65,"column":null}},"19":{"start":{"line":68,"column":6},"end":{"line":70,"column":null}},"20":{"start":{"line":69,"column":8},"end":{"line":69,"column":null}},"21":{"start":{"line":72,"column":6},"end":{"line":72,"column":null}},"22":{"start":{"line":74,"column":6},"end":{"line":74,"column":null}},"23":{"start":{"line":75,"column":6},"end":{"line":75,"column":null}},"24":{"start":{"line":86,"column":18},"end":{"line":86,"column":null}},"25":{"start":{"line":87,"column":4},"end":{"line":92,"column":null}},"26":{"start":{"line":89,"column":36},"end":{"line":89,"column":67}},"27":{"start":{"line":90,"column":36},"end":{"line":90,"column":67}},"28":{"start":{"line":91,"column":38},"end":{"line":91,"column":71}}},"fnMap":{"0":{"name":"(anonymous_0)","decl":{"start":{"line":15,"column":8},"end":{"line":15,"column":17}},"loc":{"start":{"line":15,"column":43},"end":{"line":17,"column":null}},"line":15},"1":{"name":"(anonymous_1)","decl":{"start":{"line":20,"column":8},"end":{"line":20,"column":38}},"loc":{"start":{"line":20,"column":38},"end":{"line":29,"column":null}},"line":20},"2":{"name":"(anonymous_2)","decl":{"start":{"line":22,"column":30},"end":{"line":22,"column":31}},"loc":{"start":{"line":22,"column":41},"end":{"line":24,"column":5}},"line":22},"3":{"name":"(anonymous_3)","decl":{"start":{"line":26,"column":6},"end":{"line":26,"column":7}},"loc":{"start":{"line":27,"column":8},"end":{"line":27,"column":null}},"line":27},"4":{"name":"(anonymous_4)","decl":{"start":{"line":32,"column":8},"end":{"line":32,"column":16}},"loc":{"start":{"line":32,"column":49},"end":{"line":34,"column":null}},"line":32},"5":{"name":"(anonymous_5)","decl":{"start":{"line":37,"column":8},"end":{"line":37,"column":19}},"loc":{"start":{"line":37,"column":46},"end":{"line":39,"column":null}},"line":37},"6":{"name":"(anonymous_6)","decl":{"start":{"line":42,"column":8},"end":{"line":42,"column":39}},"loc":{"start":{"line":42,"column":39},"end":{"line":51,"column":null}},"line":42},"7":{"name":"(anonymous_7)","decl":{"start":{"line":54,"column":8},"end":{"line":54,"column":null}},"loc":{"start":{"line":56,"column":50},"end":{"line":77,"column":null}},"line":56},"8":{"name":"(anonymous_8)","decl":{"start":{"line":80,"column":8},"end":{"line":80,"column":null}},"loc":{"start":{"line":85,"column":5},"end":{"line":93,"column":null}},"line":85},"9":{"name":"(anonymous_9)","decl":{"start":{"line":89,"column":29},"end":{"line":89,"column":30}},"loc":{"start":{"line":89,"column":36},"end":{"line":89,"column":67}},"line":89},"10":{"name":"(anonymous_10)","decl":{"start":{"line":90,"column":29},"end":{"line":90,"column":30}},"loc":{"start":{"line":90,"column":36},"end":{"line":90,"column":67}},"line":90},"11":{"name":"(anonymous_11)","decl":{"start":{"line":91,"column":31},"end":{"line":91,"column":32}},"loc":{"start":{"line":91,"column":38},"end":{"line":91,"column":71}},"line":91}},"branchMap":{"0":{"loc":{"start":{"line":60,"column":6},"end":{"line":62,"column":null}},"type":"if","locations":[{"start":{"line":60,"column":6},"end":{"line":62,"column":null}},{"start":{},"end":{}}],"line":60},"1":{"loc":{"start":{"line":60,"column":10},"end":{"line":60,"column":53}},"type":"binary-expr","locations":[{"start":{"line":60,"column":10},"end":{"line":60,"column":25}},{"start":{"line":60,"column":25},"end":{"line":60,"column":53}}],"line":60}},"s":{"0":2,"1":2,"2":2,"3":2,"4":1,"5":1,"6":1,"7":1,"8":0,"9":1,"10":1,"11":0,"12":0,"13":0,"14":0,"15":0,"16":0,"17":0,"18":0,"19":0,"20":0,"21":0,"22":0,"23":0,"24":0,"25":0,"26":0,"27":0,"28":0},"f":{"0":2,"1":1,"2":1,"3":0,"4":1,"5":1,"6":0,"7":0,"8":0,"9":0,"10":0,"11":0},"b":{"0":[0,0],"1":[0,0]},"meta":{"lastBranch":2,"lastFunction":12,"lastStatement":29,"seen":{"s:4:19:4:Infinity":0,"s:7:0:11:Infinity":1,"s:13:34:94:Infinity":2,"f:15:8:15:17":0,"s:16:4:16:Infinity":3,"f:20:8:20:38":1,"s:21:25:21:Infinity":4,"s:22:4:24:Infinity":5,"f:22:30:22:31":2,"s:23:6:23:Infinity":6,"s:25:4:28:Infinity":7,"f:26:6:26:7":3,"s:27:8:27:Infinity":8,"f:32:8:32:16":4,"s:33:4:33:Infinity":9,"f:37:8:37:19":5,"s:38:4:38:Infinity":10,"f:42:8:42:39":6,"s:43:18:43:Infinity":11,"s:44:23:49:Infinity":12,"s:50:4:50:Infinity":13,"f:54:8:54:Infinity":7,"s:57:4:76:Infinity":14,"s:58:19:58:Infinity":15,"b:60:6:62:Infinity:undefined:undefined:undefined:undefined":0,"s:60:6:62:Infinity":16,"b:60:10:60:25:60:25:60:53":1,"s:61:8:61:Infinity":17,"s:65:6:65:Infinity":18,"s:68:6:70:Infinity":19,"s:69:8:69:Infinity":20,"s:72:6:72:Infinity":21,"s:74:6:74:Infinity":22,"s:75:6:75:Infinity":23,"f:80:8:80:Infinity":8,"s:86:18:86:Infinity":24,"s:87:4:92:Infinity":25,"f:89:29:89:30":9,"s:89:36:89:67":26,"f:90:29:90:30":10,"s:90:36:90:67":27,"f:91:31:91:32":11,"s:91:38:91:71":28}}}
}
